<?xml version="1.0" encoding="UTF-8"?>
<!-- Generated by org.testng.reporters.JUnitReportReporter -->
<testsuite hostname="stepryan-duo" name="com.jfruit.application.ui.UiTestCase" tests="1" failures="0" timestamp="14 Aug 2015 21:04:52 GMT" time="6.253" errors="0">
  <testcase name="searchGoogle" time="6.253" classname="com.jfruit.application.ui.UiTestCase"/>
</testsuite> <!-- com.jfruit.application.ui.UiTestCase -->
