<?xml version="1.0" encoding="UTF-8"?>
<!-- Generated by org.testng.reporters.JUnitReportReporter -->
<testsuite skipped="0" hostname="sryan-Latitude-E6430" name="com.jfruit.application.ui.UiTestCase" tests="1" failures="0" timestamp="24 Oct 2016 07:08:50 GMT" time="6.719" errors="0">
  <testcase name="searchGoogle" time="6.719" classname="com.jfruit.application.ui.UiTestCase"/>
</testsuite> <!-- com.jfruit.application.ui.UiTestCase -->
