<?xml version="1.0" encoding="UTF-8"?>
<!-- Generated by org.testng.reporters.JUnitReportReporter -->
<testsuite hostname="stepryan-duo" name="com.jfruit.core.test.SshClientTestCase" tests="1" failures="0" timestamp="26 Aug 2015 07:19:11 GMT" time="4.565" errors="0">
  <testcase name="testSendCommand" time="4.565" classname="com.jfruit.core.test.SshClientTestCase"/>
</testsuite> <!-- com.jfruit.core.test.SshClientTestCase -->
