<?xml version="1.0" encoding="UTF-8"?>
<!-- Generated by org.testng.reporters.JUnitReportReporter -->
<testsuite hostname="stepryan-duo" name="com.jfruit.core.test.CoreTestCase" tests="1" failures="0" timestamp="30 Jun 2015 07:34:32 GMT" time="0.037" errors="0">
  <testcase name="loggingTestPass" time="0.037" classname="com.jfruit.core.test.CoreTestCase"/>
</testsuite> <!-- com.jfruit.core.test.CoreTestCase -->
