<?xml version="1.0" encoding="UTF-8"?>
<!-- Generated by org.testng.reporters.JUnitReportReporter -->
<testsuite hostname="stepryan-duo" name="com.jfruit.core.test.CoreTestCase" tests="1" failures="0" timestamp="26 Aug 2015 07:19:11 GMT" time="0.044" errors="0">
  <testcase name="loadConfigurationTest" time="0.044" classname="com.jfruit.core.test.CoreTestCase"/>
</testsuite> <!-- com.jfruit.core.test.CoreTestCase -->
