<?xml version="1.0" encoding="UTF-8"?>
<!-- Generated by org.testng.reporters.JUnitReportReporter -->
<testsuite hostname="stepryan-duo" name="coretest.CoreTestCase" tests="1" failures="0" timestamp="23 Jun 2015 07:22:40 GMT" time="0.037" errors="0">
  <testcase name="loggingTestPass" time="0.037" classname="coretest.CoreTestCase"/>
</testsuite> <!-- coretest.CoreTestCase -->
