<?xml version="1.0" encoding="UTF-8"?>
<!-- Generated by org.testng.reporters.JUnitReportReporter -->
<testsuite hostname="stepryan-duo" name="com.jfruit.core.test.CoreTestCase" tests="1" failures="0" timestamp="7 Aug 2015 16:44:14 GMT" time="0.104" errors="0">
  <testcase name="loggingTestPass" time="0.104" classname="com.jfruit.core.test.CoreTestCase"/>
</testsuite> <!-- com.jfruit.core.test.CoreTestCase -->
